Build started 10/2/2014 1:25:43 PM.
     1>Project "C:\Users\Siddharth\Dropbox\PennState\Grad\Masters_Thesis\Masters_Thesis_Backend\Scheduling_Backend\Scheduling_Backend\Scheduling_Backend.vcxproj" on node 2 (Rebuild target(s)).
     1>ClCompile:
         C:\Program Files (x86)\Microsoft Visual Studio 12.0\VC\bin\CL.exe /c /ZI /nologo /W3 /WX- /sdl /Od /Oy- /D _MBCS /Gm /EHsc /RTC1 /MDd /GS /fp:precise /Zc:wchar_t /Zc:forScope /Fo"Debug\\" /Fd"Debug\vc120.pdb" /Gd /TP /analyze- /errorReport:prompt Chromosome.cpp Gene.cpp Population.cpp Scheduler.cpp TimeSlot.cpp
         TimeSlot.cpp
         Scheduler.cpp
         Population.cpp
         Gene.cpp
         Chromosome.cpp
         Generating Code...
       Link:
         C:\Program Files (x86)\Microsoft Visual Studio 12.0\VC\bin\link.exe /ERRORREPORT:PROMPT /OUT:"C:\Users\Siddharth\Dropbox\PennState\Grad\Masters_Thesis\Masters_Thesis_Backend\Scheduling_Backend\Debug\Scheduling_Backend.exe" /INCREMENTAL /NOLOGO kernel32.lib user32.lib gdi32.lib winspool.lib comdlg32.lib advapi32.lib shell32.lib ole32.lib oleaut32.lib uuid.lib odbc32.lib odbccp32.lib /MANIFEST /MANIFESTUAC:"level='asInvoker' uiAccess='false'" /manifest:embed /DEBUG /PDB:"C:\Users\Siddharth\Dropbox\PennState\Grad\Masters_Thesis\Masters_Thesis_Backend\Scheduling_Backend\Debug\Scheduling_Backend.pdb" /TLBID:1 /DYNAMICBASE /NXCOMPAT /IMPLIB:"C:\Users\Siddharth\Dropbox\PennState\Grad\Masters_Thesis\Masters_Thesis_Backend\Scheduling_Backend\Debug\Scheduling_Backend.lib" /MACHINE:X86 Debug\Chromosome.obj
         Debug\Gene.obj
         Debug\Population.obj
         Debug\Scheduler.obj
         Debug\TimeSlot.obj
         Scheduling_Backend.vcxproj -> C:\Users\Siddharth\Dropbox\PennState\Grad\Masters_Thesis\Masters_Thesis_Backend\Scheduling_Backend\Debug\Scheduling_Backend.exe
     1>Done Building Project "C:\Users\Siddharth\Dropbox\PennState\Grad\Masters_Thesis\Masters_Thesis_Backend\Scheduling_Backend\Scheduling_Backend\Scheduling_Backend.vcxproj" (Rebuild target(s)).

Build succeeded.

Time Elapsed 00:00:02.45
